<?xml version="1.0" encoding="UTF-8" standalone="no"?>
<testsuite failures="0" name="cucumber.runtime.formatter.JUnitFormatter" skipped="0" tests="1" time="20.88559">
<testcase classname="Consultar Produtos" name="Buscar Produtos válido" time="20.88559">
<system-out><![CDATA[Dado que o usuario acesse o site da Amercianas..............................passed
Quando buscar o produto "Notebook"..........................................passed
E seleciona a opção "Buscar"................................................passed
Entao retorna a busca de acordo com o produto pesquisado....................passed
]]></system-out>
</testcase>
</testsuite>
